{
    "15:12:04 (75877cb7)": {
        "view-message": "Невалидный токен авторизации amoCRM.",
        "message": "",
        "file": "D:\\AmoCRM\\mezzio\\vendor\\amocrm\\amocrm-api-library\\src\\AmoCRM\\Client\\AmoCRMApiClient.php",
        "line": 141
    },
    "15:11:08 (043c2ec6)": {
        "view-message": "Невалидный токен авторизации amoCRM.",
        "message": "",
        "file": "D:\\AmoCRM\\mezzio\\vendor\\amocrm\\amocrm-api-library\\src\\AmoCRM\\Client\\AmoCRMApiClient.php",
        "line": 141
    },
    "15:11:04 (f35a2bc7)": {
        "view-message": "Невалидный токен авторизации amoCRM.",
        "message": "",
        "file": "D:\\AmoCRM\\mezzio\\vendor\\amocrm\\amocrm-api-library\\src\\AmoCRM\\Client\\AmoCRMApiClient.php",
        "line": 141
    },
    "15:09:19 (f7f580e1)": {
        "view-message": "Невалидный токен авторизации amoCRM.",
        "message": "",
        "file": "D:\\AmoCRM\\mezzio\\vendor\\amocrm\\amocrm-api-library\\src\\AmoCRM\\Client\\AmoCRMApiClient.php",
        "line": 141
    },
    "14:59:44 (c96e6519)": {
        "view-message": "Ошибка получения данных.",
        "message": "Response body is not json",
        "file": "D:\\AmoCRM\\mezzio\\vendor\\amocrm\\amocrm-api-library\\src\\AmoCRM\\Client\\AmoCRMApiRequest.php",
        "line": 497
    },
    "14:27:04 (1ea97de8)": {
        "view-message": "Ошибка получения данных.",
        "message": "Response body is not json",
        "file": "D:\\AmoCRM\\mezzio\\vendor\\amocrm\\amocrm-api-library\\src\\AmoCRM\\Client\\AmoCRMApiRequest.php",
        "line": 497
    },
    "14:26:04 (5b69b9cb)": {
        "view-message": "Ошибка получения данных.",
        "message": "Response body is not json",
        "file": "D:\\AmoCRM\\mezzio\\vendor\\amocrm\\amocrm-api-library\\src\\AmoCRM\\Client\\AmoCRMApiRequest.php",
        "line": 497
    },
    "14:25:28 (cc638784)": {
        "view-message": "Ошибка получения данных.",
        "message": "Response body is not json",
        "file": "D:\\AmoCRM\\mezzio\\vendor\\amocrm\\amocrm-api-library\\src\\AmoCRM\\Client\\AmoCRMApiRequest.php",
        "line": 497
    },
    "14:25:02 (a51c896c)": {
        "view-message": "Ошибка получения данных.",
        "message": "Response body is not json",
        "file": "D:\\AmoCRM\\mezzio\\vendor\\amocrm\\amocrm-api-library\\src\\AmoCRM\\Client\\AmoCRMApiRequest.php",
        "line": 497
    },
    "14:06:53 (d324a0cc)": {
        "view-message": "Ошибка получения данных.",
        "message": "Response body is not json",
        "file": "D:\\AmoCRM\\mezzio\\vendor\\amocrm\\amocrm-api-library\\src\\AmoCRM\\Client\\AmoCRMApiRequest.php",
        "line": 497
    },
    "13:59:31 (c255c052)": {
        "view-message": "Ошибка получения данных.",
        "message": "Response body is not json",
        "file": "D:\\AmoCRM\\mezzio\\vendor\\amocrm\\amocrm-api-library\\src\\AmoCRM\\Client\\AmoCRMApiRequest.php",
        "line": 497
    },
    "13:59:01 (077b83af)": {
        "view-message": "Ошибка получения данных.",
        "message": "Response body is not json",
        "file": "D:\\AmoCRM\\mezzio\\vendor\\amocrm\\amocrm-api-library\\src\\AmoCRM\\Client\\AmoCRMApiRequest.php",
        "line": 497
    },
    "13:58:57 (831da40e)": {
        "view-message": "Ошибка получения данных.",
        "message": "Response body is not json",
        "file": "D:\\AmoCRM\\mezzio\\vendor\\amocrm\\amocrm-api-library\\src\\AmoCRM\\Client\\AmoCRMApiRequest.php",
        "line": 497
    },
    "13:55:11 (0dc11dc1)": {
        "view-message": "Ошибка получения данных.",
        "message": "Response body is not json",
        "file": "D:\\AmoCRM\\mezzio\\vendor\\amocrm\\amocrm-api-library\\src\\AmoCRM\\Client\\AmoCRMApiRequest.php",
        "line": 497
    },
    "13:55:04 (f4be0027)": {
        "view-message": "Ошибка получения данных.",
        "message": "Response body is not json",
        "file": "D:\\AmoCRM\\mezzio\\vendor\\amocrm\\amocrm-api-library\\src\\AmoCRM\\Client\\AmoCRMApiRequest.php",
        "line": 497
    },
    "13:52:55 (1a5b1e4d)": {
        "view-message": "Ошибка получения данных.",
        "message": "Response body is not json",
        "file": "D:\\AmoCRM\\mezzio\\vendor\\amocrm\\amocrm-api-library\\src\\AmoCRM\\Client\\AmoCRMApiRequest.php",
        "line": 497
    },
    "13:51:08 (7a6a6127)": {
        "view-message": "Ошибка получения данных.",
        "message": "Response body is not json",
        "file": "D:\\AmoCRM\\mezzio\\vendor\\amocrm\\amocrm-api-library\\src\\AmoCRM\\Client\\AmoCRMApiRequest.php",
        "line": 497
    },
    "13:49:22 (d63fbf8c)": {
        "view-message": "Ошибка получения данных.",
        "message": "Response body is not json",
        "file": "D:\\AmoCRM\\mezzio\\vendor\\amocrm\\amocrm-api-library\\src\\AmoCRM\\Client\\AmoCRMApiRequest.php",
        "line": 497
    },
    "13:47:50 (1cf2bde2)": {
        "view-message": "Ошибка получения данных.",
        "message": "Response body is not json",
        "file": "D:\\AmoCRM\\mezzio\\vendor\\amocrm\\amocrm-api-library\\src\\AmoCRM\\Client\\AmoCRMApiRequest.php",
        "line": 497
    },
    "13:46:23 (41ab1b1d)": {
        "view-message": "Ошибка получения данных.",
        "message": "Response body is not json",
        "file": "D:\\AmoCRM\\mezzio\\vendor\\amocrm\\amocrm-api-library\\src\\AmoCRM\\Client\\AmoCRMApiRequest.php",
        "line": 497
    },
    "13:46:10 (d4254a0e)": {
        "view-message": "Ошибка получения данных.",
        "message": "Response body is not json",
        "file": "D:\\AmoCRM\\mezzio\\vendor\\amocrm\\amocrm-api-library\\src\\AmoCRM\\Client\\AmoCRMApiRequest.php",
        "line": 497
    },
    "13:45:54 (3f647cad)": {
        "view-message": "Ошибка получения данных.",
        "message": "Response body is not json",
        "file": "D:\\AmoCRM\\mezzio\\vendor\\amocrm\\amocrm-api-library\\src\\AmoCRM\\Client\\AmoCRMApiRequest.php",
        "line": 497
    },
    "13:45:26 (d062f3e2)": {
        "view-message": "Ошибка получения данных.",
        "message": "Response body is not json",
        "file": "D:\\AmoCRM\\mezzio\\vendor\\amocrm\\amocrm-api-library\\src\\AmoCRM\\Client\\AmoCRMApiRequest.php",
        "line": 497
    },
    "13:41:59 (ebeb3008)": {
        "view-message": "Ошибка получения данных.",
        "message": "Response body is not json",
        "file": "D:\\AmoCRM\\mezzio\\vendor\\amocrm\\amocrm-api-library\\src\\AmoCRM\\Client\\AmoCRMApiRequest.php",
        "line": 497
    },
    "13:41:02 (618790ae)": {
        "view-message": "Ошибка получения данных.",
        "message": "Response body is not json",
        "file": "D:\\AmoCRM\\mezzio\\vendor\\amocrm\\amocrm-api-library\\src\\AmoCRM\\Client\\AmoCRMApiRequest.php",
        "line": 497
    },
    "13:40:54 (7ee6f2b3)": {
        "view-message": "Ошибка авторизации.",
        "message": "Invalid request: The request is missing a required parameter, includes an invalid parameter value, includes a parameter more than once, or is otherwise malformed. (Authorization code has been revoked)",
        "file": "D:\\AmoCRM\\mezzio\\vendor\\amocrm\\amocrm-api-library\\src\\AmoCRM\\OAuth\\AmoCRMOAuth.php",
        "line": 138
    }
}